[debug] [2021-12-11T00:14:19.627Z] ----------------------------------------------------------------------
[debug] [2021-12-11T00:14:19.629Z] Command:       /Users/fabianforsstrom/.nvm/versions/node/v12.18.4/bin/node /Users/fabianforsstrom/.nvm/versions/node/v12.18.4/bin/firebase init
[debug] [2021-12-11T00:14:19.629Z] CLI Version:   9.23.0
[debug] [2021-12-11T00:14:19.629Z] Platform:      darwin
[debug] [2021-12-11T00:14:19.629Z] Node Version:  v12.18.4
[debug] [2021-12-11T00:14:19.630Z] Time:          Sat Dec 11 2021 01:14:19 GMT+0100 (Central European Standard Time)
[debug] [2021-12-11T00:14:19.631Z] ----------------------------------------------------------------------
[debug] 
[debug] [2021-12-11T00:14:19.639Z] > command requires scopes: ["email","openid","https://www.googleapis.com/auth/cloudplatformprojects.readonly","https://www.googleapis.com/auth/firebase","https://www.googleapis.com/auth/cloud-platform"]
[debug] [2021-12-11T00:14:19.639Z] > authorizing via signed-in user (fabian.forsstrom@gmail.com)
[info] 
     ######## #### ########  ######## ########     ###     ######  ########
     ##        ##  ##     ## ##       ##     ##  ##   ##  ##       ##
     ######    ##  ########  ######   ########  #########  ######  ######
     ##        ##  ##    ##  ##       ##     ## ##     ##       ## ##
     ##       #### ##     ## ######## ########  ##     ##  ######  ########

You're about to initialize a Firebase project in this directory:

  /Users/fabianforsstrom/code/services

[info] 
=== Project Setup
[info] 
[info] First, let's associate this project directory with a Firebase project.
[info] You can create multiple project aliases by running firebase use --add, 
[info] but for now we'll just set up a default project.
[info] 
[debug] [2021-12-11T00:14:30.594Z] > refreshing access token with scopes: []
[debug] [2021-12-11T00:14:30.595Z] >>> HTTP REQUEST POST https://www.googleapis.com/oauth2/v3/token  
 <request body omitted>
[debug] [2021-12-11T00:14:30.681Z] <<< HTTP RESPONSE 200 {"expires":"Mon, 01 Jan 1990 00:00:00 GMT","pragma":"no-cache","date":"Sat, 11 Dec 2021 00:14:30 GMT","cache-control":"no-cache, no-store, max-age=0, must-revalidate","content-type":"application/json; charset=utf-8","vary":"X-Origin, Referer, Origin,Accept-Encoding","server":"scaffolding on HTTPServer2","x-xss-protection":"0","x-frame-options":"SAMEORIGIN","x-content-type-options":"nosniff","alt-svc":"h3=\":443\"; ma=2592000,h3-29=\":443\"; ma=2592000,h3-Q050=\":443\"; ma=2592000,h3-Q046=\":443\"; ma=2592000,h3-Q043=\":443\"; ma=2592000,quic=\":443\"; ma=2592000; v=\"46,43\"","accept-ranges":"none","transfer-encoding":"chunked"}
[debug] [2021-12-11T00:14:30.739Z] >>> [apiv2][query] GET https://firebase.googleapis.com/v1beta1/projects pageSize=100
[debug] [2021-12-11T00:14:31.183Z] <<< [apiv2][status] GET https://firebase.googleapis.com/v1beta1/projects 200
[debug] [2021-12-11T00:14:31.184Z] <<< [apiv2][body] GET https://firebase.googleapis.com/v1beta1/projects [omitted]
[info] i  Using project notion-service (notion-service) 
[info] 
=== Hosting Setup
[info] 
[info] Your public directory is the folder (relative to your project directory) that
[info] will contain Hosting assets to be uploaded with firebase deploy. If you
[info] have a build process for your assets, use your build's output directory.
[info] 
[info] ✔  Wrote src/404.html 
[debug] [2021-12-11T00:17:15.893Z] >>> [apiv2][query] GET https://www.gstatic.com/firebasejs/releases.json [none]
[debug] [2021-12-11T00:17:15.936Z] <<< [apiv2][status] GET https://www.gstatic.com/firebasejs/releases.json 200
[debug] [2021-12-11T00:17:15.936Z] <<< [apiv2][body] GET https://www.gstatic.com/firebasejs/releases.json {"current":{"version":"9.6.1","browserURL":"https://www.gstatic.com/firebasejs/9.6.1/firebase.js","packageURL":"https://www.gstatic.com/firebasejs/9.6.1/firebase.tgz"},"live":{"version":"9.6","browserURL":"https://www.gstatic.com/firebasejs/live/9.6/firebase.js","packageURL":"https://www.gstatic.com/firebasejs/live/9.6/firebase.tgz"},"components":{"analytics":"https://www.gstatic.com/firebasejs/9.6.1/firebase-analytics.js","app":"https://www.gstatic.com/firebasejs/9.6.1/firebase-app.js","app-check":"https://www.gstatic.com/firebasejs/9.6.1/firebase-app-check.js","auth":"https://www.gstatic.com/firebasejs/9.6.1/firebase-auth.js","auth/cordova":"https://www.gstatic.com/firebasejs/9.6.1/firebase-auth/cordova.js","auth/react-native":"https://www.gstatic.com/firebasejs/9.6.1/firebase-auth/react-native.js","functions":"https://www.gstatic.com/firebasejs/9.6.1/firebase-functions.js","firestore":"https://www.gstatic.com/firebasejs/9.6.1/firebase-firestore.js","firestore/lite":"https://www.gstatic.com/firebasejs/9.6.1/firebase-firestore/lite.js","storage":"https://www.gstatic.com/firebasejs/9.6.1/firebase-storage.js","performance":"https://www.gstatic.com/firebasejs/9.6.1/firebase-performance.js","remote-config":"https://www.gstatic.com/firebasejs/9.6.1/firebase-remote-config.js","messaging":"https://www.gstatic.com/firebasejs/9.6.1/firebase-messaging.js","messaging/sw":"https://www.gstatic.com/firebasejs/9.6.1/firebase-messaging/sw.js","database":"https://www.gstatic.com/firebasejs/9.6.1/firebase-database.js","firestore.memory":"https://www.gstatic.com/firebasejs/9.6.1/firebase-firestore.memory.js"}}
[info] ✔  Wrote src/index.html 
[info] 
[info] i  Detected a .git folder at /Users/fabianforsstrom/code/services 
[info] i  Authorizing with GitHub to upload your service account to a GitHub repository's secrets store. 
[info] 
[info] Visit this URL on this device to log in:
[info] https://github.com/login/oauth/authorize?client_id=89cf50f02ac6aaed3484&state=671162606&redirect_uri=http%3A%2F%2Flocalhost%3A9005&scope=read%3Auser%20repo%20public_repo
[info] 
[info] Waiting for authentication...
[debug] [2021-12-11T00:17:16.525Z] >>> HTTP REQUEST POST https://github.com/login/oauth/access_token  
 {"client_id":"89cf50f02ac6aaed3484","client_secret":"3330d14abc895d9a74d5f17cd7a00711fa2c5bf0","code":"4ec74f4f2cacf1bdd5c4","redirect_uri":"http://localhost:9005","state":"671162606"}
[debug] [2021-12-11T00:17:16.766Z] <<< HTTP RESPONSE 200 {"server":"GitHub.com","date":"Sat, 11 Dec 2021 00:17:16 GMT","content-type":"application/json; charset=utf-8","transfer-encoding":"chunked","vary":"X-PJAX, X-PJAX-Container, Accept-Encoding, Accept, X-Requested-With","permissions-policy":"interest-cohort=()","etag":"W/\"9857d5eabf6ed9eb60aa96a22972fe8d\"","cache-control":"max-age=0, private, must-revalidate","strict-transport-security":"max-age=31536000; includeSubdomains; preload","x-frame-options":"deny","x-content-type-options":"nosniff","x-xss-protection":"0","referrer-policy":"origin-when-cross-origin, strict-origin-when-cross-origin","expect-ct":"max-age=2592000, report-uri=\"https://api.github.com/_private/browser/errors\"","content-security-policy":"default-src 'none'; base-uri 'self'; block-all-mixed-content; child-src github.com/assets-cdn/worker/ gist.github.com/assets-cdn/worker/; connect-src 'self' uploads.github.com objects-origin.githubusercontent.com www.githubstatus.com collector.githubapp.com api.github.com github-cloud.s3.amazonaws.com github-production-repository-file-5c1aeb.s3.amazonaws.com github-production-upload-manifest-file-7fdce7.s3.amazonaws.com github-production-user-asset-6210df.s3.amazonaws.com cdn.optimizely.com logx.optimizely.com/v1/events translator.github.com wss://alive.github.com; font-src github.githubassets.com; form-action 'self' github.com gist.github.com objects-origin.githubusercontent.com; frame-ancestors 'none'; frame-src render.githubusercontent.com viewscreen.githubusercontent.com notebooks.githubusercontent.com; img-src 'self' data: github.githubassets.com identicons.github.com collector.githubapp.com github-cloud.s3.amazonaws.com secured-user-images.githubusercontent.com/ *.githubusercontent.com; manifest-src 'self'; media-src github.com user-images.githubusercontent.com/; script-src github.githubassets.com; style-src 'unsafe-inline' github.githubassets.com; worker-src github.com/assets-cdn/worker/ gist.github.com/assets-cdn/worker/","x-github-request-id":"CD0A:27E2:361EF00:38F2F94:61B3EE0C"}
[debug] [2021-12-11T00:17:16.769Z] >>> [apiv2][query] GET https://api.github.com/user [none]
[debug] [2021-12-11T00:17:17.043Z] <<< [apiv2][status] GET https://api.github.com/user 200
[debug] [2021-12-11T00:17:17.043Z] <<< [apiv2][body] GET https://api.github.com/user {"login":"fabifors","id":7392675,"node_id":"MDQ6VXNlcjczOTI2NzU=","avatar_url":"https://avatars.githubusercontent.com/u/7392675?v=4","gravatar_id":"","url":"https://api.github.com/users/fabifors","html_url":"https://github.com/fabifors","followers_url":"https://api.github.com/users/fabifors/followers","following_url":"https://api.github.com/users/fabifors/following{/other_user}","gists_url":"https://api.github.com/users/fabifors/gists{/gist_id}","starred_url":"https://api.github.com/users/fabifors/starred{/owner}{/repo}","subscriptions_url":"https://api.github.com/users/fabifors/subscriptions","organizations_url":"https://api.github.com/users/fabifors/orgs","repos_url":"https://api.github.com/users/fabifors/repos","events_url":"https://api.github.com/users/fabifors/events{/privacy}","received_events_url":"https://api.github.com/users/fabifors/received_events","type":"User","site_admin":false,"name":"Fabian Forsström","company":"Svea Solar","blog":"brorarmand.com","location":"Stockholm, Sweden","email":"fabian.forsstrom@gmail.com","hireable":null,"bio":"JavaScript Developer and Designer, \r\nFront-End Engineer @svea-solar ","twitter_username":null,"public_repos":18,"public_gists":1,"followers":7,"following":21,"created_at":"2014-04-24T07:50:48Z","updated_at":"2021-08-12T16:37:34Z","private_gists":3,"total_private_repos":9,"owned_private_repos":9,"disk_usage":46482,"collaborators":7,"two_factor_authentication":false,"plan":{"name":"pro","space":976562499,"collaborators":0,"private_repos":9999}}
[info] 
[info] ✔  Success! Logged into GitHub as fabifors 
[info] 
[debug] [2021-12-11T00:17:48.179Z] >>> [apiv2][query] GET https://api.github.com/repos/fabifors/notion-service-api/actions/secrets/public-key type=owner
[debug] [2021-12-11T00:17:48.414Z] <<< [apiv2][status] GET https://api.github.com/repos/fabifors/notion-service-api/actions/secrets/public-key 404
[debug] [2021-12-11T00:17:48.414Z] <<< [apiv2][body] GET https://api.github.com/repos/fabifors/notion-service-api/actions/secrets/public-key {"message":"Not Found","documentation_url":"https://docs.github.com/rest/reference/actions#get-a-repository-public-key"}
[debug] [2021-12-11T00:18:46.588Z] >>> [apiv2][query] GET https://api.github.com/repos//actions/secrets/public-key type=owner
[debug] [2021-12-11T00:18:46.805Z] <<< [apiv2][status] GET https://api.github.com/repos//actions/secrets/public-key 404
[debug] [2021-12-11T00:18:46.805Z] <<< [apiv2][body] GET https://api.github.com/repos//actions/secrets/public-key {"message":"Not Found","documentation_url":"https://docs.github.com/rest"}
[debug] [2021-12-11T00:18:51.284Z] >>> [apiv2][query] GET https://api.github.com/repos//actions/secrets/public-key type=owner
[debug] [2021-12-11T00:18:51.482Z] <<< [apiv2][status] GET https://api.github.com/repos//actions/secrets/public-key 404
[debug] [2021-12-11T00:18:51.482Z] <<< [apiv2][body] GET https://api.github.com/repos//actions/secrets/public-key {"message":"Not Found","documentation_url":"https://docs.github.com/rest"}
